11:24:49.166 [main] INFO  com.fdmgroup.ElevatorProject.ReadConfiguration - 
11:25:22.670 [main] INFO  com.fdmgroup.ElevatorProject.ReadConfiguration - Invalid JSON format
11:45:42.278 [main] INFO  com.fdmgroup.ElevatorProject.ReadConfiguration - Invalid JSON format
11:50:34.037 [main] INFO  com.fdmgroup.ElevatorProject.ReadConfiguration - Invalid JSON format
13:51:35.188 [main] INFO  com.fdmgroup.ElevatorProject.Elevator - Person entered elevator on floor 0
13:51:35.191 [Thread-0] INFO  com.fdmgroup.ElevatorProject.Elevator - Elevator moving to floor 4
13:51:36.194 [main] INFO  com.fdmgroup.ElevatorProject.Controller - Assigning person from floor 1 to floor 4 to an elevator.
13:51:36.194 [main] INFO  com.fdmgroup.ElevatorProject.Elevator - Person entered elevator on floor 1
13:55:53.552 [main] INFO  com.fdmgroup.ElevatorProject.ReadConfiguration - Configuration-File-Not-Found
13:58:02.908 [main] INFO  com.fdmgroup.ElevatorProject.ReadConfiguration - Configuration-File-Not-Found
13:58:29.141 [main] INFO  com.fdmgroup.ElevatorProject.ReadConfiguration - Configuration-File-Not-Found
14:00:50.356 [main] INFO  com.fdmgroup.ElevatorProject.ReadConfiguration - Configuration-File-Not-Found
14:00:59.356 [main] INFO  com.fdmgroup.ElevatorProject.ReadConfiguration - Configuration-File-Not-Found
14:04:40.041 [main] INFO  com.fdmgroup.ElevatorProject.ReadConfiguration - Configuration-File-Not-Found
14:04:45.954 [main] INFO  com.fdmgroup.ElevatorProject.Elevator - Person entered elevator on floor 0
14:04:45.957 [Thread-0] INFO  com.fdmgroup.ElevatorProject.Elevator - Elevator moving to floor 4
14:04:46.971 [main] INFO  com.fdmgroup.ElevatorProject.Controller - Assigning person from floor 1 to floor 4 to an elevator.
14:04:46.971 [main] INFO  com.fdmgroup.ElevatorProject.Elevator - Person entered elevator on floor 2
14:04:47.982 [main] INFO  com.fdmgroup.ElevatorProject.Controller - Assigning person from floor 3 to floor 7 to an elevator.
14:04:47.982 [main] INFO  com.fdmgroup.ElevatorProject.Elevator - Person entered elevator on floor 3
14:04:48.993 [main] INFO  com.fdmgroup.ElevatorProject.Controller - Assigning person from floor 6 to floor 2 to an elevator.
14:11:17.375 [main] INFO  com.fdmgroup.ElevatorProject.Elevator - Person entered elevator on floor 0
14:11:17.377 [Thread-0] INFO  com.fdmgroup.ElevatorProject.Elevator - Elevator moving to floor 4
14:11:18.382 [main] INFO  com.fdmgroup.ElevatorProject.Controller - Assigning person from floor 1 to floor 4 to an elevator.
14:11:18.382 [main] INFO  com.fdmgroup.ElevatorProject.Elevator - Person entered elevator on floor 2
14:11:19.393 [main] INFO  com.fdmgroup.ElevatorProject.Controller - Assigning person from floor 3 to floor 7 to an elevator.
14:11:19.393 [main] INFO  com.fdmgroup.ElevatorProject.Elevator - Person entered elevator on floor 3
14:37:56.436 [main] INFO  com.fdmgroup.ElevatorProject.ReadConfiguration - Invalid-Configuration-File
14:37:56.464 [main] INFO  com.fdmgroup.ElevatorProject.ReadConfiguration - Configuration-File-Not-Found
14:39:21.996 [main] INFO  com.fdmgroup.ElevatorProject.ReadConfiguration - Invalid-Configuration-File
14:39:22.025 [main] INFO  com.fdmgroup.ElevatorProject.ReadConfiguration - Configuration-File-Not-Found
14:54:01.528 [main] INFO  com.fdmgroup.ElevatorProject.ReadConfiguration - Invalid-Configuration-File
